<testsuites id="" name="" tests="13" failures="5" skipped="0" errors="0" time="39.08215799999982">
<testsuite name="codegentest.spec.js" timestamp="2023-07-17T17:17:44.840Z" hostname="" tests="1" failures="1" skipped="0" time="4.921" errors="0">
<testcase name="test" classname="codegentest.spec.js" time="4.921">
<failure message="codegentest.spec.js:3:5 test" type="FAILURE">
<![CDATA[  codegentest.spec.js:3:5 › test ───────────────────────────────────────────────────────────────────

    ReferenceError: page1 is not defined

       6 |   await page.getByRole('combobox', { name: 'Pesquisar' }).fill('rahul sheety academy');
       7 |   await page.getByRole('combobox', { name: 'Pesquisar' }).press('Enter');
    >  8 |   await page1.getByRole('link', { name: ' Login' }).click();
         |   ^
       9 |   await page.getByRole('heading', { name: 'Exibindo resultados para rahul shetty academy Em vez disso, pesquisar por rahul sheety academy' }).click();
      10 |   await page.getByRole('link', { name: 'Rahul Shetty Academy: Selenium, API Testing, Software ... rahulshettyacademy.com https://rahulshettyacademy.com' }).click();
      11 |   await page.getByRole('link', { name: ' Login' }).click();

        at /home/pedrossd/Desktop/ESTUDOS_QA/PLAYWRIGHT/PLAYWRIGHT/COURSE/tests/codegentest.spec.js:8:3

    attachment #1: trace (application/zip) ─────────────────────────────────────────────────────────
    test-results/codegentest-test/trace.zip
    Usage:

        npx playwright show-trace test-results/codegentest-test/trace.zip

    ────────────────────────────────────────────────────────────────────────────────────────────────
]]>
</failure>
<system-out>
<![CDATA[
[[ATTACHMENT|../test-results/codegentest-test/trace.zip]]
]]>
</system-out>
</testcase>
</testsuite>
<testsuite name="exercise1.spec.js" timestamp="2023-07-17T17:17:44.840Z" hostname="" tests="1" failures="0" skipped="0" time="20.397" errors="0">
<testcase name="Login page successfull" classname="exercise1.spec.js" time="20.397">
<system-out>
<![CDATA[zara coat 3
[ [32m'zara coat 3'[39m, [32m'adidas original'[39m, [32m'iphone 13 pro'[39m ]
 User can only see maximum 9 products on a page
]]>
</system-out>
</testcase>
</testsuite>
<testsuite name="exercise2.spec.js" timestamp="2023-07-17T17:17:44.840Z" hostname="" tests="1" failures="1" skipped="0" time="29.999" errors="0">
<testcase name="Create a new Order to buy a product" classname="exercise2.spec.js" time="29.999">
<failure message="exercise2.spec.js:8:1 Create a new Order to buy a product" type="FAILURE">
<![CDATA[  exercise2.spec.js:8:1 › Create a new Order to buy a product ──────────────────────────────────────

    Test timeout of 30000ms exceeded.

    Error: page.goto: Navigation failed because page was closed!
    =========================== logs ===========================
    navigating to "https://rahulshettyacademy.com/client", waiting until "load"
    ============================================================

      49 |
      50 |
    > 51 |     await page.goto('https://rahulshettyacademy.com/client');
         |                ^
      52 |     await register_button_xpath.click();
      53 |     await firstNameField_css.fill('Peter');
      54 |     await lastNameField_css.fill('Test');

        at /home/pedrossd/Desktop/ESTUDOS_QA/PLAYWRIGHT/PLAYWRIGHT/COURSE/tests/exercise2.spec.js:51:16

    attachment #1: trace (application/zip) ─────────────────────────────────────────────────────────
    test-results/exercise2-Create-a-new-Order-to-buy-a-product/trace.zip
    Usage:

        npx playwright show-trace test-results/exercise2-Create-a-new-Order-to-buy-a-product/trace.zip

    ────────────────────────────────────────────────────────────────────────────────────────────────
]]>
</failure>
<system-out>
<![CDATA[
[[ATTACHMENT|../test-results/exercise2-Create-a-new-Order-to-buy-a-product/trace.zip]]
]]>
</system-out>
</testcase>
</testsuite>
<testsuite name="fascinous_shop.spec.js" timestamp="2023-07-17T17:17:44.840Z" hostname="" tests="1" failures="1" skipped="0" time="3.191" errors="0">
<testcase name="Check if page is loaded" classname="fascinous_shop.spec.js" time="3.191">
<failure message="fascinous_shop.spec.js:28:1 Check if page is loaded" type="FAILURE">
<![CDATA[  fascinous_shop.spec.js:28:1 › Check if page is loaded ────────────────────────────────────────────

    Error: expect(received).toEqual(expected) // deep equality

    Expected: "42"
    Received: "41"

      59 |
      60 |   await expect(page.locator('xpath=//span[contains(text(),"Produtos")]/parent::span')).toBeVisible()
    > 61 |   await expect(value).toEqual("42")
         |                       ^
      62 |   await expect(page.locator('xpath=//h1[contains(text(),"Camisa Social Masculina")]')).toBeVisible()
      63 |   await expect(1).toEqual(1)
      64 |   // GET ALL THE PRICES

        at /home/pedrossd/Desktop/ESTUDOS_QA/PLAYWRIGHT/PLAYWRIGHT/COURSE/tests/fascinous_shop.spec.js:61:23

    attachment #1: trace (application/zip) ─────────────────────────────────────────────────────────
    test-results/fascinous_shop-Check-if-page-is-loaded/trace.zip
    Usage:

        npx playwright show-trace test-results/fascinous_shop-Check-if-page-is-loaded/trace.zip

    ────────────────────────────────────────────────────────────────────────────────────────────────
]]>
</failure>
<system-out>
<![CDATA[
[[ATTACHMENT|../test-results/fascinous_shop-Check-if-page-is-loaded/trace.zip]]
]]>
</system-out>
</testcase>
</testsuite>
<testsuite name="first_test.spec.js" timestamp="2023-07-17T17:17:44.840Z" hostname="" tests="1" failures="1" skipped="0" time="9.699" errors="0">
<testcase name="My first test" classname="first_test.spec.js" time="9.699">
<failure message="first_test.spec.js:10:1 My first test" type="FAILURE">
<![CDATA[  first_test.spec.js:10:1 › My first test ──────────────────────────────────────────────────────────

    Error: Timed out 5000ms waiting for expect(received).toHaveTitle(expected)

    Expected string: "Gogle"
    Received string: "Google"
    Call log:
      - expect.toHaveTitle with timeout 5000ms
      - waiting for locator(':root')
      -   locator resolved to <html itemscope="" lang="pt-BR" itemtype="http://schem…>…</html>
      -   unexpected value "Google"
      -   locator resolved to <html itemscope="" lang="pt-BR" itemtype="http://schem…>…</html>
      -   unexpected value "Google"
      -   locator resolved to <html itemscope="" lang="pt-BR" itemtype="http://schem…>…</html>
      -   unexpected value "Google"
      -   locator resolved to <html itemscope="" lang="pt-BR" itemtype="http://schem…>…</html>
      -   unexpected value "Google"
      -   locator resolved to <html itemscope="" lang="pt-BR" itemtype="http://schem…>…</html>
      -   unexpected value "Google"
      -   locator resolved to <html itemscope="" lang="pt-BR" itemtype="http://schem…>…</html>
      -   unexpected value "Google"
      -   locator resolved to <html itemscope="" lang="pt-BR" itemtype="http://schem…>…</html>
      -   unexpected value "Google"
      -   locator resolved to <html itemscope="" lang="pt-BR" itemtype="http://schem…>…</html>
      -   unexpected value "Google"


      10 | test('My first test', async ({page}) => {
      11 |     await page.goto('https://google.com')
    > 12 |     await expect(page).toHaveTitle('Gogle')
         |                        ^
      13 | })

        at /home/pedrossd/Desktop/ESTUDOS_QA/PLAYWRIGHT/PLAYWRIGHT/COURSE/tests/first_test.spec.js:12:24

    attachment #1: trace (application/zip) ─────────────────────────────────────────────────────────
    test-results/first_test-My-first-test/trace.zip
    Usage:

        npx playwright show-trace test-results/first_test-My-first-test/trace.zip

    ────────────────────────────────────────────────────────────────────────────────────────────────
]]>
</failure>
<system-out>
<![CDATA[
[[ATTACHMENT|../test-results/first_test-My-first-test/trace.zip]]
]]>
</system-out>
</testcase>
</testsuite>
<testsuite name="more_validation.spec.js" timestamp="2023-07-17T17:17:44.840Z" hostname="" tests="1" failures="0" skipped="0" time="19.004" errors="0">
<testcase name="Popup validations" classname="more_validation.spec.js" time="19.004">
</testcase>
</testsuite>
<testsuite name="record1_demo.spec.js" timestamp="2023-07-17T17:17:44.840Z" hostname="" tests="1" failures="1" skipped="0" time="29.999" errors="0">
<testcase name="record demo test" classname="record1_demo.spec.js" time="29.999">
<failure message="record1_demo.spec.js:3:5 record demo test" type="FAILURE">
<![CDATA[  record1_demo.spec.js:3:5 › record demo test ──────────────────────────────────────────────────────

    Test timeout of 30000ms exceeded.

    Error: locator.click: Target closed
    =========================== logs ===========================
    waiting for locator('a').filter({ hasText: '1' })
    ============================================================

       9 |   await page.locator('[data-test="login-button"]').click();
      10 |   await page.locator('[data-test="product_sort_container"]').selectOption('lohi');
    > 11 |   await page.locator('a').filter({ hasText: '1' }).click();
         |                                                    ^
      12 |   await page.getByText('Continue ShoppingCheckout').click();
      13 |   await page.locator('[data-test="checkout"]').click();
      14 |   await page.locator('[data-test="cancel"]').click();

        at /home/pedrossd/Desktop/ESTUDOS_QA/PLAYWRIGHT/PLAYWRIGHT/COURSE/tests/record1_demo.spec.js:11:52

    Pending operations:
      - locator.click at tests/record1_demo.spec.js:11:52


    attachment #1: trace (application/zip) ─────────────────────────────────────────────────────────
    test-results/record1_demo-record-demo-test/trace.zip
    Usage:

        npx playwright show-trace test-results/record1_demo-record-demo-test/trace.zip

    ────────────────────────────────────────────────────────────────────────────────────────────────
]]>
</failure>
<system-out>
<![CDATA[
[[ATTACHMENT|../test-results/record1_demo-record-demo-test/trace.zip]]
]]>
</system-out>
</testcase>
</testsuite>
<testsuite name="record2_demo.spec.js" timestamp="2023-07-17T17:17:44.840Z" hostname="" tests="1" failures="0" skipped="0" time="17.577" errors="0">
<testcase name="test" classname="record2_demo.spec.js" time="17.577">
</testcase>
</testsuite>
<testsuite name="UIBasicstest.spec.js" timestamp="2023-07-17T17:17:44.840Z" hostname="" tests="5" failures="0" skipped="0" time="46.217" errors="0">
<testcase name="Browser Context Playwright test" classname="UIBasicstest.spec.js" time="17.656">
</testcase>
<testcase name="Browser Context Playwright test 2" classname="UIBasicstest.spec.js" time="10.25">
<system-out>
<![CDATA[[ [32m'iphone X'[39m, [32m'Samsung Note 8'[39m, [32m'Nokia Edge'[39m, [32m'Blackberry'[39m ]
]]>
</system-out>
</testcase>
<testcase name="Page Playwright test" classname="UIBasicstest.spec.js" time="4.01">
</testcase>
<testcase name="UI Controls" classname="UIBasicstest.spec.js" time="6.968">
<system-out>
<![CDATA[[33mtrue[39m
[33mfalse[39m
]]>
</system-out>
</testcase>
<testcase name="Child windows handling" classname="UIBasicstest.spec.js" time="7.333">
</testcase>
</testsuite>
</testsuites>